State 0:
          program ::= * expr
          expr ::= * expr MINUS expr
          expr ::= * expr PLUS expr
          expr ::= * expr TIMES expr
          expr ::= * expr DIVIDE expr
          expr ::= * BRO expr BRC
          expr ::= * INTEGER

                           BRO shift  1
                       INTEGER shift  10
                       program accept
                          expr shift  7

State 1:
          expr ::= * expr MINUS expr
          expr ::= * expr PLUS expr
          expr ::= * expr TIMES expr
          expr ::= * expr DIVIDE expr
          expr ::= * BRO expr BRC
          expr ::= BRO * expr BRC
          expr ::= * INTEGER

                           BRO shift  1
                       INTEGER shift  10
                          expr shift  6

State 2:
          expr ::= * expr MINUS expr
          expr ::= * expr PLUS expr
          expr ::= * expr TIMES expr
          expr ::= * expr DIVIDE expr
          expr ::= expr DIVIDE * expr
          expr ::= * BRO expr BRC
          expr ::= * INTEGER

                           BRO shift  1
                       INTEGER shift  10
                          expr shift  12

State 3:
          expr ::= * expr MINUS expr
          expr ::= * expr PLUS expr
          expr ::= * expr TIMES expr
          expr ::= expr TIMES * expr
          expr ::= * expr DIVIDE expr
          expr ::= * BRO expr BRC
          expr ::= * INTEGER

                           BRO shift  1
                       INTEGER shift  10
                          expr shift  13

State 4:
          expr ::= * expr MINUS expr
          expr ::= * expr PLUS expr
          expr ::= expr PLUS * expr
          expr ::= * expr TIMES expr
          expr ::= * expr DIVIDE expr
          expr ::= * BRO expr BRC
          expr ::= * INTEGER

                           BRO shift  1
                       INTEGER shift  10
                          expr shift  8

State 5:
          expr ::= * expr MINUS expr
          expr ::= expr MINUS * expr
          expr ::= * expr PLUS expr
          expr ::= * expr TIMES expr
          expr ::= * expr DIVIDE expr
          expr ::= * BRO expr BRC
          expr ::= * INTEGER

                           BRO shift  1
                       INTEGER shift  10
                          expr shift  9

State 6:
          expr ::= expr * MINUS expr
          expr ::= expr * PLUS expr
          expr ::= expr * TIMES expr
          expr ::= expr * DIVIDE expr
          expr ::= BRO expr * BRC

                          PLUS shift  4
                         MINUS shift  5
                        DIVIDE shift  2
                         TIMES shift  3
                           BRC shift  11

State 7:
      (0) program ::= expr *
          expr ::= expr * MINUS expr
          expr ::= expr * PLUS expr
          expr ::= expr * TIMES expr
          expr ::= expr * DIVIDE expr

                             $ reduce 0
                          PLUS shift  4
                         MINUS shift  5
                        DIVIDE shift  2
                         TIMES shift  3

State 8:
          expr ::= expr * MINUS expr
          expr ::= expr * PLUS expr
      (2) expr ::= expr PLUS expr *
          expr ::= expr * TIMES expr
          expr ::= expr * DIVIDE expr

                        DIVIDE shift  2
                         TIMES shift  3
                     {default} reduce 2

State 9:
          expr ::= expr * MINUS expr
      (1) expr ::= expr MINUS expr *
          expr ::= expr * PLUS expr
          expr ::= expr * TIMES expr
          expr ::= expr * DIVIDE expr

                        DIVIDE shift  2
                         TIMES shift  3
                     {default} reduce 1

State 10:
      (6) expr ::= INTEGER *

                     {default} reduce 6

State 11:
      (5) expr ::= BRO expr BRC *

                     {default} reduce 5

State 12:
          expr ::= expr * MINUS expr
          expr ::= expr * PLUS expr
          expr ::= expr * TIMES expr
          expr ::= expr * DIVIDE expr
      (4) expr ::= expr DIVIDE expr *

                     {default} reduce 4

State 13:
          expr ::= expr * MINUS expr
          expr ::= expr * PLUS expr
          expr ::= expr * TIMES expr
      (3) expr ::= expr TIMES expr *
          expr ::= expr * DIVIDE expr

                     {default} reduce 3

----------------------------------------------------
Symbols:
    0: $:
    1: PLUS
    2: MINUS
    3: DIVIDE
    4: TIMES
    5: BRO
    6: BRC
    7: INTEGER
    8: error:
    9: program: BRO INTEGER
   10: expr: BRO INTEGER
